-------------------------------------------------------------------------------
Test set: runner.TestRunner
-------------------------------------------------------------------------------
Tests run: 14, Failures: 1, Errors: 0, Skipped: 0, Time elapsed: 126.051 s <<< FAILURE! - in runner.TestRunner
Login with valid email and invalid password(Login functionality)  Time elapsed: 7.589 s  <<< FAILURE!
java.lang.AssertionError

