<?xml version="1.0" encoding="UTF-8"?>
<testsuite xmlns:xsi="http://www.w3.org/2001/XMLSchema-instance" xsi:noNamespaceSchemaLocation="https://maven.apache.org/surefire/maven-surefire-plugin/xsd/surefire-test-report.xsd" name="runner.TestRunner" time="126.051" tests="14" errors="0" skipped="0" failures="1">
  <properties>
[...]
</properties>
  <testcase name="Login with valid credentials #1" classname="Login functionality" time="8.202"/>
  <testcase name="Login with valid credentials #2" classname="Login functionality" time="7.871"/>
  <testcase name="Login with valid credentials #3" classname="Login functionality" time="7.412"/>
  <testcase name="Login with invalid credentials" classname="Login functionality" time="7.898"/>
  <testcase name="Login with valid email and invalid password" classname="Login functionality" time="7.589">
    <failure type="java.lang.AssertionError">java.lang.AssertionError
</failure>
    <system-out><![CDATA[
Scenario: Login with valid email and invalid password                                                   &amp#27;[90m# src/test/resources/features/Login.feature:22&amp#27;[0m
  &amp#27;[32mGiven &amp#27;[0m&amp#27;[32mUser navigates to Login page&amp#27;[0m                                                                    &amp#27;[90m# stepdefinitions.Login.User_navigates_to_Login_page()&amp#27;[0m
  &amp#27;[32mWhen &amp#27;[0m&amp#27;[32mUser enters valid email address &amp#27;[0m&amp#27;[32m&amp#27;[1m"testautonare1@gmail.com"&amp#27;[0m&amp#27;[32m into the email field&amp#27;[0m                   &amp#27;[90m# stepdefinitions.Login.User_enters_valid_email_address_into_the_email_field(java.lang.String)&amp#27;[0m
  &amp#27;[32mAnd &amp#27;[0m&amp#27;[32mUser has entered invalid password &amp#27;[0m&amp#27;[32m&amp#27;[1m"1234567890"&amp#27;[0m&amp#27;[32m into password field&amp#27;[0m                                &amp#27;[90m# stepdefinitions.Login.user_has_entered_invalid_password_into_password_field(java.lang.String)&amp#27;[0m
  &amp#27;[32mAnd &amp#27;[0m&amp#27;[32mUser clicks on Login button&amp#27;[0m                                                                       &amp#27;[90m# stepdefinitions.Login.user_clicks_on_login_button()&amp#27;[0m
  &amp#27;[31mThen &amp#27;[0m&amp#27;[31mUser should not get logged in and should get a proper warning message about credentials mismatch&amp#27;[0m &amp#27;[90m# stepdefinitions.Login.user_should_not_get_logged_in_and_should_get_a_proper_warning_message_about_credentials_mismatch()&amp#27;[0m
      &amp#27;[31mjava.lang.AssertionError
	at org.junit.Assert.fail(Assert.java:86)
	at org.junit.Assert.assertTrue(Assert.java:41)
	at org.junit.Assert.assertTrue(Assert.java:52)
	at stepdefinitions.Login.user_should_not_get_logged_in_and_should_get_a_proper_warning_message_about_credentials_mismatch(Login.java:66)
	at âœ½.User should not get logged in and should get a proper warning message about credentials mismatch(file:///D:/JavaAutomationFrameworks/CucumberBDDWorkspace/HybridCucumberFramework/src/test/resources/features/Login.feature:27)
&amp#27;[0m

    Embedding Login_with_valid_email_and_invalid_password [image/png 116679 bytes]

]]></system-out>
  </testcase>
  <testcase name="Login with invalid email and valid password" classname="Login functionality" time="7.297"/>
  <testcase name="Login without providing any credentials" classname="Login functionality" time="7.496"/>
  <testcase name="User creates an account only with mandatory fields" classname="Registeration Functionality" time="9.571"/>
  <testcase name="User creates an account with all fields" classname="Registeration Functionality" time="13.306"/>
  <testcase name="User creates a duplicate account" classname="Registeration Functionality" time="9.683"/>
  <testcase name="User creates an account without filling any details" classname="Registeration Functionality" time="7.534"/>
  <testcase name="User searches for a valid product" classname="Search functionality" time="10.817"/>
  <testcase name="User searches for an invalid product" classname="Search functionality" time="10.818"/>
  <testcase name="User searches without any product" classname="Search functionality" time="5.867"/>
</testsuite>